<?xml version="1.0" encoding="utf-8"?><testsuites name="pytest tests"><testsuite name="pytest" errors="0" failures="0" skipped="0" tests="8" time="1.487" timestamp="2026-03-06T18:21:56.022936+00:00" hostname="agent-env-bfdc1fdc-8ae0-4bcb-b9c1-5dd3748cce19"><testcase classname="backend.tests.test_advantage_studio.TestRootEndpoint" name="test_root_endpoint" time="0.241" /><testcase classname="backend.tests.test_advantage_studio.TestShareEndpoints" name="test_create_share_minimal" time="0.180" /><testcase classname="backend.tests.test_advantage_studio.TestShareEndpoints" name="test_create_share_with_full_data" time="0.116" /><testcase classname="backend.tests.test_advantage_studio.TestShareEndpoints" name="test_get_share_by_id" time="0.190" /><testcase classname="backend.tests.test_advantage_studio.TestShareEndpoints" name="test_get_share_not_found" time="0.141" /><testcase classname="backend.tests.test_advantage_studio.TestShareEndpoints" name="test_share_data_persistence" time="0.280" /><testcase classname="backend.tests.test_advantage_studio.TestMediaEndpoints" name="test_list_media" time="0.119" /><testcase classname="backend.tests.test_advantage_studio.TestMediaEndpoints" name="test_delete_media_not_found" time="0.161" /></testsuite></testsuites>